<?xml version="1.0" encoding="UTF-8"?>
<testsuite name="runner.runner" tests="0" skipped="0" failures="0" errors="0" timestamp="1970-01-01T00:00:00" hostname="MBP-de-Patricio" time="0.0">
  <properties/>
  <system-out><![CDATA[]]></system-out>
  <system-err><![CDATA[????????????????????????????????????????????????????????????????????????????
? View your Cucumber Report at:                                            ?
? https://reports.cucumber.io/reports/0c5586d6-d4ac-4797-b97a-75d730937c8b ?
?                                                                          ?
? This report was published in collection "The Free Range Tester"          ?
????????????????????????????????????????????????????????????????????????????]]></system-err>
</testsuite>
