<?xml version="1.0" encoding="UTF-8"?>
<testsuite name="Test Google search functionality" tests="1" skipped="0" failures="0" errors="0" timestamp="2022-02-03T00:42:28" hostname="MBP-de-Patricio" time="8.968">
  <properties/>
  <testcase name="As a user I enter a search criteria in Google" classname="Test Google search functionality" time="8.968"/>
  <system-out><![CDATA[
@Test
Scenario: As a user I enter a search criteria in Google # src/test/resources/features/Google.feature:4
  Given I am on the Google search page                  # steps.GoogleSteps.navigateToGoogle()
  When I enter a search criteria                        # steps.GoogleSteps.enterSearchCriteria()
  And click on the search button                        # steps.GoogleSteps.clickSearchButton()
]]></system-out>
  <system-err><![CDATA[Starting ChromeDriver 97.0.4692.71 (adefa7837d02a07a604c1e6eff0b3a09422ab88d-refs/branch-heads/4692@{#1247}) on port 54498
Only local connections are allowed.
Please see https://chromedriver.chromium.org/security-considerations for suggestions on keeping ChromeDriver safe.
ChromeDriver was started successfully.
feb. 03, 2022 1:42:31 P.?M. org.openqa.selenium.remote.ProtocolHandshake createSession
INFORMACI?N: Detected dialect: W3C
feb. 03, 2022 1:42:31 P.?M. org.openqa.selenium.devtools.CdpVersionFinder findNearestMatch
ADVERTENCIA: Unable to find an exact match for CDP version 97, so returning the closest version found: 95
feb. 03, 2022 1:42:31 P.?M. org.openqa.selenium.devtools.CdpVersionFinder findNearestMatch
INFORMACI?N: Found CDP implementation for version 97 of 95
]]></system-err>
</testsuite>
